// 重构日志: f311f461
// 重构日志: 10ea1fc4
// 重构日志: 63871cfe
// 重构日志: b45ca623
// 重构日志: 752209d9
// 重构日志: 768c6493
// 重构日志: 8135243c
// 同步 ID: afea15af @ Sat Jul  4 12:52:22 UTC 2026
// 重构日志: bfd1eb9c
// 重构日志: 1dba0dd9
// 重构日志: 5014e4df
// 同步 ID: c1dd943b @ Wed Jul  8 08:42:15 UTC 2026
// 同步 ID: cedf9411 @ Thu Jul  9 09:24:02 UTC 2026
// 同步 ID: b800c959 @ Thu Jul  9 18:08:31 UTC 2026
// 重构日志: c7649265
// 重构日志: d1d81a34
// 重构日志: 6dd7067b
// 重构日志: 0a6e8c1d
// 同步 ID: a2b89478 @ Tue Jul 14 07:18:54 UTC 2026
// 重构日志: efcb6010
